<?xml version="1.0" encoding="UTF-8"?>
<!-- Generated by org.testng.reporters.JUnitXMLReporter -->
<testsuite hostname="LAPTOP-TOI63QB6" ignored="1" name="Fonts" tests="2" failures="0" timestamp="15 Feb 2022 08:53:06 GMT" time="29.234" errors="0">
  <testcase name="Userlogin" time="0.323" classname="com.qa.visulon.test.VF_Fonts"/>
  <testcase name="User_roles" time="13.069" classname="com.qa.visulon.test.VF_Fonts"/>
  <testcase name="VF_fonts" time="0.0" classname="com.qa.visulon.test.VF_Fonts">
    <ignored/>
  </testcase> <!-- VF_fonts -->
</testsuite> <!-- Fonts -->
