<?xml version="1.0" encoding="UTF-8"?>
<!-- Generated by org.testng.reporters.JUnitXMLReporter -->
<testsuite hostname="LAPTOP-TOI63QB6" ignored="0" name="Milestone" tests="3" failures="0" timestamp="15 Feb 2022 08:53:31 GMT" time="24.298" errors="0">
  <testcase name="Userlogin" time="0.229" classname="com.qa.visulon.test.VF_Milestones"/>
  <testcase name="VF_Milestomes_homepage" time="0.337" classname="com.qa.visulon.test.VF_Milestones"/>
  <testcase name="VF_Milestomes_Assortment" time="14.953" classname="com.qa.visulon.test.VF_Milestones"/>
</testsuite> <!-- Milestone -->
