<?xml version="1.0" encoding="UTF-8"?>
<!-- Generated by org.testng.reporters.JUnitXMLReporter -->
<testsuite hostname="LAPTOP-TOI63QB6" ignored="1" name="Fonts" tests="2" failures="0" timestamp="16 Feb 2022 07:26:46 GMT" time="25.182" errors="0">
  <testcase name="Userlogin" time="0.473" classname="com.qa.visulon.test.VF_Fonts"/>
  <testcase name="User_roles" time="10.929" classname="com.qa.visulon.test.VF_Fonts"/>
  <testcase name="VF_fonts" time="0.0" classname="com.qa.visulon.test.VF_Fonts">
    <ignored/>
  </testcase> <!-- VF_fonts -->
</testsuite> <!-- Fonts -->
