<?xml version="1.0" encoding="UTF-8"?>
<!-- Generated by org.testng.reporters.JUnitXMLReporter -->
<testsuite hostname="LAPTOP-TOI63QB6" ignored="1" name="Fonts" tests="2" failures="0" timestamp="16 Feb 2022 07:06:43 GMT" time="39.353" errors="0">
  <testcase name="Userlogin" time="9.314" classname="com.qa.visulon.test.VF_Fonts"/>
  <testcase name="User_roles" time="12.11" classname="com.qa.visulon.test.VF_Fonts"/>
  <testcase name="VF_fonts" time="0.0" classname="com.qa.visulon.test.VF_Fonts">
    <ignored/>
  </testcase> <!-- VF_fonts -->
</testsuite> <!-- Fonts -->
