<?xml version="1.0" encoding="UTF-8"?>
<testng-results skipped="0" failed="0" ignored="1" total="6" passed="5">
  <reporter-output>
  </reporter-output>
  <suite name="Suite" duration-ms="49413" started-at="2022-02-16T07:26:21Z" finished-at="2022-02-16T07:27:11Z">
    <groups>
      <group name="sanity">
        <method signature="VF_Fonts.Userlogin(java.lang.String, java.lang.String)[pri:0, instance:com.qa.visulon.test.VF_Fonts@3012646b]" name="Userlogin" class="com.qa.visulon.test.VF_Fonts"/>
        <method signature="VF_Milestones.Userlogin(java.lang.String, java.lang.String)[pri:0, instance:com.qa.visulon.test.VF_Milestones@d86a6f]" name="Userlogin" class="com.qa.visulon.test.VF_Milestones"/>
        <method signature="VF_Milestones.VF_Milestomes_Assortment()[pri:2, instance:com.qa.visulon.test.VF_Milestones@d86a6f]" name="VF_Milestomes_Assortment" class="com.qa.visulon.test.VF_Milestones"/>
        <method signature="VF_Milestones.VF_Milestomes_homepage()[pri:1, instance:com.qa.visulon.test.VF_Milestones@d86a6f]" name="VF_Milestomes_homepage" class="com.qa.visulon.test.VF_Milestones"/>
      </group> <!-- sanity -->
      <group name="Smoke">
        <method signature="VF_Fonts.User_roles()[pri:1, instance:com.qa.visulon.test.VF_Fonts@3012646b]" name="User_roles" class="com.qa.visulon.test.VF_Fonts"/>
        <method signature="VF_Fonts.Userlogin(java.lang.String, java.lang.String)[pri:0, instance:com.qa.visulon.test.VF_Fonts@3012646b]" name="Userlogin" class="com.qa.visulon.test.VF_Fonts"/>
        <method signature="VF_Milestones.Userlogin(java.lang.String, java.lang.String)[pri:0, instance:com.qa.visulon.test.VF_Milestones@d86a6f]" name="Userlogin" class="com.qa.visulon.test.VF_Milestones"/>
      </group> <!-- Smoke -->
    </groups>
    <test name="Fonts" duration-ms="25182" started-at="2022-02-16T07:26:21Z" finished-at="2022-02-16T07:26:46Z">
      <class name="com.qa.visulon.test.VF_Fonts">
        <test-method status="PASS" signature="getDriver()[pri:0, instance:com.qa.visulon.test.VF_Fonts@3012646b]" name="getDriver" is-config="true" duration-ms="19" started-at="2022-02-16T07:26:21Z" finished-at="2022-02-16T07:26:21Z">
          <reporter-output>
          </reporter-output>
        </test-method> <!-- getDriver -->
        <test-method status="PASS" signature="init_browser()[pri:0, instance:com.qa.visulon.test.VF_Fonts@3012646b]" name="init_browser" is-config="true" duration-ms="4605" started-at="2022-02-16T07:26:21Z" finished-at="2022-02-16T07:26:26Z">
          <reporter-output>
          </reporter-output>
        </test-method> <!-- init_browser -->
        <test-method status="PASS" signature="Userlogin(java.lang.String, java.lang.String)[pri:0, instance:com.qa.visulon.test.VF_Fonts@3012646b]" name="Userlogin" duration-ms="473" started-at="2022-02-16T07:26:27Z" data-provider="loginData" finished-at="2022-02-16T07:26:27Z">
          <params>
            <param index="0">
              <value>
                <![CDATA[tarun_VF]]>
              </value>
            </param>
            <param index="1">
              <value>
                <![CDATA[admin@123]]>
              </value>
            </param>
          </params>
          <reporter-output>
          </reporter-output>
        </test-method> <!-- Userlogin -->
        <test-method status="PASS" signature="User_roles()[pri:1, instance:com.qa.visulon.test.VF_Fonts@3012646b]" name="User_roles" duration-ms="10929" started-at="2022-02-16T07:26:34Z" finished-at="2022-02-16T07:26:45Z">
          <reporter-output>
          </reporter-output>
        </test-method> <!-- User_roles -->
        <test-method status="PASS" signature="tearDown()[pri:0, instance:com.qa.visulon.test.VF_Fonts@3012646b]" name="tearDown" is-config="true" duration-ms="1003" started-at="2022-02-16T07:26:45Z" finished-at="2022-02-16T07:26:46Z">
          <reporter-output>
          </reporter-output>
        </test-method> <!-- tearDown -->
      </class> <!-- com.qa.visulon.test.VF_Fonts -->
    </test> <!-- Fonts -->
    <test name="Milestone" duration-ms="24202" started-at="2022-02-16T07:26:46Z" finished-at="2022-02-16T07:27:11Z">
      <class name="com.qa.visulon.test.VF_Milestones">
        <test-method status="PASS" signature="init_browser()[pri:0, instance:com.qa.visulon.test.VF_Milestones@d86a6f]" name="init_browser" is-config="true" duration-ms="4141" started-at="2022-02-16T07:26:46Z" finished-at="2022-02-16T07:26:51Z">
          <reporter-output>
          </reporter-output>
        </test-method> <!-- init_browser -->
        <test-method status="PASS" signature="getDriver()[pri:0, instance:com.qa.visulon.test.VF_Milestones@d86a6f]" name="getDriver" is-config="true" duration-ms="0" started-at="2022-02-16T07:26:46Z" finished-at="2022-02-16T07:26:46Z">
          <reporter-output>
          </reporter-output>
        </test-method> <!-- getDriver -->
        <test-method status="PASS" signature="Userlogin(java.lang.String, java.lang.String)[pri:0, instance:com.qa.visulon.test.VF_Milestones@d86a6f]" name="Userlogin" duration-ms="318" started-at="2022-02-16T07:26:51Z" data-provider="loginData" finished-at="2022-02-16T07:26:51Z">
          <params>
            <param index="0">
              <value>
                <![CDATA[tarun_VF]]>
              </value>
            </param>
            <param index="1">
              <value>
                <![CDATA[admin@123]]>
              </value>
            </param>
          </params>
          <reporter-output>
          </reporter-output>
        </test-method> <!-- Userlogin -->
        <test-method status="PASS" signature="VF_Milestomes_homepage()[pri:1, instance:com.qa.visulon.test.VF_Milestones@d86a6f]" name="VF_Milestomes_homepage" duration-ms="477" started-at="2022-02-16T07:26:55Z" finished-at="2022-02-16T07:26:55Z">
          <reporter-output>
          </reporter-output>
        </test-method> <!-- VF_Milestomes_homepage -->
        <test-method status="PASS" signature="VF_Milestomes_Assortment()[pri:2, instance:com.qa.visulon.test.VF_Milestones@d86a6f]" name="VF_Milestomes_Assortment" duration-ms="13566" started-at="2022-02-16T07:26:56Z" finished-at="2022-02-16T07:27:09Z">
          <reporter-output>
          </reporter-output>
        </test-method> <!-- VF_Milestomes_Assortment -->
        <test-method status="PASS" signature="tearDown()[pri:0, instance:com.qa.visulon.test.VF_Milestones@d86a6f]" name="tearDown" is-config="true" duration-ms="950" started-at="2022-02-16T07:27:10Z" finished-at="2022-02-16T07:27:11Z">
          <reporter-output>
          </reporter-output>
        </test-method> <!-- tearDown -->
      </class> <!-- com.qa.visulon.test.VF_Milestones -->
    </test> <!-- Milestone -->
  </suite> <!-- Suite -->
</testng-results>
