<?xml version="1.0" encoding="UTF-8"?>
<testsuite xmlns:xsi="http://www.w3.org/2001/XMLSchema-instance" xsi:noNamespaceSchemaLocation="https://maven.apache.org/surefire/maven-surefire-plugin/xsd/surefire-test-report-3.0.xsd" version="3.0" name="TestSuite" time="56.63" tests="5" errors="0" skipped="0" failures="0">
  <properties>
[...]
</properties>
  <testcase name="Userlogin[tarun_VF, admin@123](1)" classname="com.qa.visulon.test.VF_Fonts" time="6.971">
    <system-out><![CDATA[[TestNGContentHandler] [WARN] It is strongly recommended to add "<!DOCTYPE suite SYSTEM "http://testng.org/testng-1.0.dtd" >" at the top of your file, otherwise TestNG may fail or not work as expected.
true
1
***** Success Userlogin test has Passed *****
Successfully captured a screenshot
]]></system-out>
    <system-err><![CDATA[SLF4J: Failed to load class "org.slf4j.impl.StaticLoggerBinder".
SLF4J: Defaulting to no-operation (NOP) logger implementation
SLF4J: See http://www.slf4j.org/codes.html#StaticLoggerBinder for further details.
Starting ChromeDriver 98.0.4758.102 (273bf7ac8c909cde36982d27f66f3c70846a3718-refs/branch-heads/4758@{#1151}) on port 42512
Only local connections are allowed.
Please see https://chromedriver.chromium.org/security-considerations for suggestions on keeping ChromeDriver safe.
ChromeDriver was started successfully.
Feb 16, 2022 2:08:54 PM org.openqa.selenium.remote.ProtocolHandshake createSession
INFO: Detected dialect: W3C
ERROR StatusLogger Log4j2 could not find a logging implementation. Please add log4j-core to the classpath. Using SimpleLogger to log to the console...
]]></system-err>
  </testcase>
  <testcase name="User_roles" classname="com.qa.visulon.test.VF_Fonts" time="11.374">
    <system-out><![CDATA[6
Global Category Managers
Global Merchants
Regional Category Managers
Regional Merchants
Merch Ops
Merch Planning
***** Success User_roles test has Passed *****
Successfully captured a screenshot
]]></system-out>
  </testcase>
  <testcase name="Userlogin[tarun_VF, admin@123](1)" classname="com.qa.visulon.test.VF_Milestones" time="5.17">
    <system-out><![CDATA[Closing browser
true
***** Success Userlogin test has Passed *****
Successfully captured a screenshot
]]></system-out>
    <system-err><![CDATA[Starting ChromeDriver 98.0.4758.102 (273bf7ac8c909cde36982d27f66f3c70846a3718-refs/branch-heads/4758@{#1151}) on port 32214
Only local connections are allowed.
Please see https://chromedriver.chromium.org/security-considerations for suggestions on keeping ChromeDriver safe.
ChromeDriver was started successfully.
Feb 16, 2022 2:09:20 PM org.openqa.selenium.remote.ProtocolHandshake createSession
INFO: Detected dialect: W3C
]]></system-err>
  </testcase>
  <testcase name="VF_Milestomes_homepage" classname="com.qa.visulon.test.VF_Milestones" time="0.732">
    <system-out><![CDATA[***** Success VF_Milestomes_homepage test has Passed *****
Successfully captured a screenshot
]]></system-out>
  </testcase>
  <testcase name="VF_Milestomes_Assortment" classname="com.qa.visulon.test.VF_Milestones" time="11.348">
    <system-out><![CDATA[8
TEST_FONTS_DND
***** Success VF_Milestomes_Assortment test has Passed *****
Successfully captured a screenshot
]]></system-out>
  </testcase>
</testsuite>