<?xml version="1.0" encoding="UTF-8"?>
<testng-results skipped="0" failed="0" ignored="1" total="6" passed="5">
  <reporter-output>
  </reporter-output>
  <suite name="Suite" duration-ms="63893" started-at="2022-02-16T07:06:04Z" finished-at="2022-02-16T07:07:08Z">
    <groups>
      <group name="sanity">
        <method signature="VF_Fonts.Userlogin(java.lang.String, java.lang.String)[pri:0, instance:com.qa.visulon.test.VF_Fonts@3012646b]" name="Userlogin" class="com.qa.visulon.test.VF_Fonts"/>
        <method signature="VF_Milestones.Userlogin(java.lang.String, java.lang.String)[pri:0, instance:com.qa.visulon.test.VF_Milestones@d86a6f]" name="Userlogin" class="com.qa.visulon.test.VF_Milestones"/>
        <method signature="VF_Milestones.VF_Milestomes_Assortment()[pri:2, instance:com.qa.visulon.test.VF_Milestones@d86a6f]" name="VF_Milestomes_Assortment" class="com.qa.visulon.test.VF_Milestones"/>
        <method signature="VF_Milestones.VF_Milestomes_homepage()[pri:1, instance:com.qa.visulon.test.VF_Milestones@d86a6f]" name="VF_Milestomes_homepage" class="com.qa.visulon.test.VF_Milestones"/>
      </group> <!-- sanity -->
      <group name="Smoke">
        <method signature="VF_Fonts.User_roles()[pri:1, instance:com.qa.visulon.test.VF_Fonts@3012646b]" name="User_roles" class="com.qa.visulon.test.VF_Fonts"/>
        <method signature="VF_Fonts.Userlogin(java.lang.String, java.lang.String)[pri:0, instance:com.qa.visulon.test.VF_Fonts@3012646b]" name="Userlogin" class="com.qa.visulon.test.VF_Fonts"/>
        <method signature="VF_Milestones.Userlogin(java.lang.String, java.lang.String)[pri:0, instance:com.qa.visulon.test.VF_Milestones@d86a6f]" name="Userlogin" class="com.qa.visulon.test.VF_Milestones"/>
      </group> <!-- Smoke -->
    </groups>
    <test name="Fonts" duration-ms="39353" started-at="2022-02-16T07:06:04Z" finished-at="2022-02-16T07:06:43Z">
      <class name="com.qa.visulon.test.VF_Fonts">
        <test-method status="PASS" signature="getDriver()[pri:0, instance:com.qa.visulon.test.VF_Fonts@3012646b]" name="getDriver" is-config="true" duration-ms="22" started-at="2022-02-16T07:06:04Z" finished-at="2022-02-16T07:06:04Z">
          <reporter-output>
          </reporter-output>
        </test-method> <!-- getDriver -->
        <test-method status="PASS" signature="init_browser()[pri:0, instance:com.qa.visulon.test.VF_Fonts@3012646b]" name="init_browser" is-config="true" duration-ms="14095" started-at="2022-02-16T07:06:04Z" finished-at="2022-02-16T07:06:18Z">
          <reporter-output>
          </reporter-output>
        </test-method> <!-- init_browser -->
        <test-method status="PASS" signature="Userlogin(java.lang.String, java.lang.String)[pri:0, instance:com.qa.visulon.test.VF_Fonts@3012646b]" name="Userlogin" duration-ms="9314" started-at="2022-02-16T07:06:19Z" data-provider="loginData" finished-at="2022-02-16T07:06:28Z">
          <params>
            <param index="0">
              <value>
                <![CDATA[tarun_VF]]>
              </value>
            </param>
            <param index="1">
              <value>
                <![CDATA[admin@123]]>
              </value>
            </param>
          </params>
          <reporter-output>
          </reporter-output>
        </test-method> <!-- Userlogin -->
        <test-method status="PASS" signature="User_roles()[pri:1, instance:com.qa.visulon.test.VF_Fonts@3012646b]" name="User_roles" duration-ms="12110" started-at="2022-02-16T07:06:30Z" finished-at="2022-02-16T07:06:42Z">
          <reporter-output>
          </reporter-output>
        </test-method> <!-- User_roles -->
        <test-method status="PASS" signature="tearDown()[pri:0, instance:com.qa.visulon.test.VF_Fonts@3012646b]" name="tearDown" is-config="true" duration-ms="1050" started-at="2022-02-16T07:06:42Z" finished-at="2022-02-16T07:06:43Z">
          <reporter-output>
          </reporter-output>
        </test-method> <!-- tearDown -->
      </class> <!-- com.qa.visulon.test.VF_Fonts -->
    </test> <!-- Fonts -->
    <test name="Milestone" duration-ms="24510" started-at="2022-02-16T07:06:43Z" finished-at="2022-02-16T07:07:08Z">
      <class name="com.qa.visulon.test.VF_Milestones">
        <test-method status="PASS" signature="getDriver()[pri:0, instance:com.qa.visulon.test.VF_Milestones@d86a6f]" name="getDriver" is-config="true" duration-ms="0" started-at="2022-02-16T07:06:43Z" finished-at="2022-02-16T07:06:43Z">
          <reporter-output>
          </reporter-output>
        </test-method> <!-- getDriver -->
        <test-method status="PASS" signature="init_browser()[pri:0, instance:com.qa.visulon.test.VF_Milestones@d86a6f]" name="init_browser" is-config="true" duration-ms="3764" started-at="2022-02-16T07:06:43Z" finished-at="2022-02-16T07:06:47Z">
          <reporter-output>
          </reporter-output>
        </test-method> <!-- init_browser -->
        <test-method status="PASS" signature="Userlogin(java.lang.String, java.lang.String)[pri:0, instance:com.qa.visulon.test.VF_Milestones@d86a6f]" name="Userlogin" duration-ms="325" started-at="2022-02-16T07:06:47Z" data-provider="loginData" finished-at="2022-02-16T07:06:48Z">
          <params>
            <param index="0">
              <value>
                <![CDATA[tarun_VF]]>
              </value>
            </param>
            <param index="1">
              <value>
                <![CDATA[admin@123]]>
              </value>
            </param>
          </params>
          <reporter-output>
          </reporter-output>
        </test-method> <!-- Userlogin -->
        <test-method status="PASS" signature="VF_Milestomes_homepage()[pri:1, instance:com.qa.visulon.test.VF_Milestones@d86a6f]" name="VF_Milestomes_homepage" duration-ms="515" started-at="2022-02-16T07:06:51Z" finished-at="2022-02-16T07:06:52Z">
          <reporter-output>
          </reporter-output>
        </test-method> <!-- VF_Milestomes_homepage -->
        <test-method status="PASS" signature="VF_Milestomes_Assortment()[pri:2, instance:com.qa.visulon.test.VF_Milestones@d86a6f]" name="VF_Milestomes_Assortment" duration-ms="14424" started-at="2022-02-16T07:06:52Z" finished-at="2022-02-16T07:07:07Z">
          <reporter-output>
          </reporter-output>
        </test-method> <!-- VF_Milestomes_Assortment -->
        <test-method status="PASS" signature="tearDown()[pri:0, instance:com.qa.visulon.test.VF_Milestones@d86a6f]" name="tearDown" is-config="true" duration-ms="1080" started-at="2022-02-16T07:07:07Z" finished-at="2022-02-16T07:07:08Z">
          <reporter-output>
          </reporter-output>
        </test-method> <!-- tearDown -->
      </class> <!-- com.qa.visulon.test.VF_Milestones -->
    </test> <!-- Milestone -->
  </suite> <!-- Suite -->
</testng-results>
